# JRE version: OpenJDK Runtime Environment (8.0_152-b02) (build 1.8.0_152-release-1024-b02)
# Java VM: OpenJDK 64-Bit Server VM (25.152-b02 mixed mode windows-amd64 compressed oops)
Heap:
 PSYoungGen      total 274944K, used 34157K [0x00000000e0000000, 0x00000000f2500000, 0x0000000100000000)
  eden space 260096K, 7% used [0x00000000e0000000,0x00000000e12eb988,0x00000000efe00000)
  from space 14848K, 99% used [0x00000000f0780000,0x00000000f15efac0,0x00000000f1600000)
  to   space 15360K, 0% used [0x00000000f1600000,0x00000000f1600000,0x00000000f2500000)
 ParOldGen       total 143360K, used 64135K [0x00000000a0000000, 0x00000000a8c00000, 0x00000000e0000000)
  object space 143360K, 44% used [0x00000000a0000000,0x00000000a3ea1f68,0x00000000a8c00000)
 Metaspace       used 80869K, capacity 85630K, committed 85848K, reserved 1124352K
  class space    used 10476K, capacity 11368K, committed 11392K, reserved 1048576K
GC Heap History (10 events):
Event: 1207.447 GC heap before
{Heap before GC invocations=22 (full 3):
 PSYoungGen      total 225280K, used 223115K [0x00000000e0000000, 0x00000000ef400000, 0x0000000100000000)
  eden space 208896K, 99% used [0x00000000e0000000,0x00000000ecb45c68,0x00000000ecc00000)
  from space 16384K, 91% used [0x00000000ee400000,0x00000000ef29d028,0x00000000ef400000)
  to   space 20480K, 0% used [0x00000000ecc00000,0x00000000ecc00000,0x00000000ee000000)
 ParOldGen       total 143360K, used 58668K [0x00000000a0000000, 0x00000000a8c00000, 0x00000000e0000000)
  object space 143360K, 40% used [0x00000000a0000000,0x00000000a394b0d0,0x00000000a8c00000)
 Metaspace       used 78792K, capacity 83168K, committed 83416K, reserved 1122304K
  class space    used 10373K, capacity 11219K, committed 11264K, reserved 1048576K
Event: 1207.455 GC heap after
Heap after GC invocations=22 (full 3):
 PSYoungGen      total 229376K, used 3284K [0x00000000e0000000, 0x00000000f1680000, 0x0000000100000000)
  eden space 208896K, 0% used [0x00000000e0000000,0x00000000e0000000,0x00000000ecc00000)
  from space 20480K, 16% used [0x00000000ecc00000,0x00000000ecf352d0,0x00000000ee000000)
  to   space 20480K, 0% used [0x00000000f0280000,0x00000000f0280000,0x00000000f1680000)
 ParOldGen       total 143360K, used 64103K [0x00000000a0000000, 0x00000000a8c00000, 0x00000000e0000000)
  object space 143360K, 44% used [0x00000000a0000000,0x00000000a3e99f68,0x00000000a8c00000)
 Metaspace       used 78792K, capacity 83168K, committed 83416K, reserved 1122304K
  class space    used 10373K, capacity 11219K, committed 11264K, reserved 1048576K
}
Event: 1208.950 GC heap before
{Heap before GC invocations=23 (full 3):
 PSYoungGen      total 229376K, used 212180K [0x00000000e0000000, 0x00000000f1680000, 0x0000000100000000)
  eden space 208896K, 100% used [0x00000000e0000000,0x00000000ecc00000,0x00000000ecc00000)
  from space 20480K, 16% used [0x00000000ecc00000,0x00000000ecf352d0,0x00000000ee000000)
  to   space 20480K, 0% used [0x00000000f0280000,0x00000000f0280000,0x00000000f1680000)
 ParOldGen       total 143360K, used 64103K [0x00000000a0000000, 0x00000000a8c00000, 0x00000000e0000000)
  object space 143360K, 44% used [0x00000000a0000000,0x00000000a3e99f68,0x00000000a8c00000)
 Metaspace       used 78912K, capacity 83266K, committed 83416K, reserved 1122304K
  class space    used 10376K, capacity 11222K, committed 11264K, reserved 1048576K
Event: 1208.955 GC heap after
Heap after GC invocations=23 (full 3):
 PSYoungGen      total 255488K, used 2943K [0x00000000e0000000, 0x00000000f1200000, 0x0000000100000000)
  eden space 239616K, 0% used [0x00000000e0000000,0x00000000e0000000,0x00000000eea00000)
  from space 15872K, 18% used [0x00000000f0280000,0x00000000f055ffd0,0x00000000f1200000)
  to   space 20480K, 0% used [0x00000000eea00000,0x00000000eea00000,0x00000000efe00000)
 ParOldGen       total 143360K, used 64111K [0x00000000a0000000, 0x00000000a8c00000, 0x00000000e0000000)
  object space 143360K, 44% used [0x00000000a0000000,0x00000000a3e9bf68,0x00000000a8c00000)
 Metaspace       used 78912K, capacity 83266K, committed 83416K, reserved 1122304K
  class space    used 10376K, capacity 11222K, committed 11264K, reserved 1048576K
}
Event: 1411.136 GC heap before
{Heap before GC invocations=24 (full 3):
 PSYoungGen      total 255488K, used 242559K [0x00000000e0000000, 0x00000000f1200000, 0x0000000100000000)
  eden space 239616K, 100% used [0x00000000e0000000,0x00000000eea00000,0x00000000eea00000)
  from space 15872K, 18% used [0x00000000f0280000,0x00000000f055ffd0,0x00000000f1200000)
  to   space 20480K, 0% used [0x00000000eea00000,0x00000000eea00000,0x00000000efe00000)
 ParOldGen       total 143360K, used 64111K [0x00000000a0000000, 0x00000000a8c00000, 0x00000000e0000000)
  object space 143360K, 44% used [0x00000000a0000000,0x00000000a3e9bf68,0x00000000a8c00000)
 Metaspace       used 80061K, capacity 84498K, committed 84824K, reserved 1122304K
  class space    used 10426K, capacity 11280K, committed 11392K, reserved 1048576K
Event: 1411.152 GC heap after
Heap after GC invocations=24 (full 3):
 PSYoungGen      total 260096K, used 7215K [0x00000000e0000000, 0x00000000f2c80000, 0x0000000100000000)
  eden space 239616K, 0% used [0x00000000e0000000,0x00000000e0000000,0x00000000eea00000)
  from space 20480K, 35% used [0x00000000eea00000,0x00000000ef10bed0,0x00000000efe00000)
  to   space 19456K, 0% used [0x00000000f1980000,0x00000000f1980000,0x00000000f2c80000)
 ParOldGen       total 143360K, used 64119K [0x00000000a0000000, 0x00000000a8c00000, 0x00000000e0000000)
  object space 143360K, 44% used [0x00000000a0000000,0x00000000a3e9df68,0x00000000a8c00000)
 Metaspace       used 80061K, capacity 84498K, committed 84824K, reserved 1122304K
  class space    used 10426K, capacity 11280K, committed 11392K, reserved 1048576K
}
Event: 1411.577 GC heap before
{Heap before GC invocations=25 (full 3):
 PSYoungGen      total 260096K, used 246553K [0x00000000e0000000, 0x00000000f2c80000, 0x0000000100000000)
  eden space 239616K, 99% used [0x00000000e0000000,0x00000000ee9ba870,0x00000000eea00000)
  from space 20480K, 35% used [0x00000000eea00000,0x00000000ef10bed0,0x00000000efe00000)
  to   space 19456K, 0% used [0x00000000f1980000,0x00000000f1980000,0x00000000f2c80000)
 ParOldGen       total 143360K, used 64119K [0x00000000a0000000, 0x00000000a8c00000, 0x00000000e0000000)
  object space 143360K, 44% used [0x00000000a0000000,0x00000000a3e9df68,0x00000000a8c00000)
 Metaspace       used 80100K, capacity 84618K, committed 84824K, reserved 1122304K
  class space    used 10430K, capacity 11288K, committed 11392K, reserved 1048576K
Event: 1411.582 GC heap after
Heap after GC invocations=25 (full 3):
 PSYoungGen      total 288256K, used 6972K [0x00000000e0000000, 0x00000000f2b80000, 0x0000000100000000)
  eden space 269824K, 0% used [0x00000000e0000000,0x00000000e0000000,0x00000000f0780000)
  from space 18432K, 37% used [0x00000000f1980000,0x00000000f204f130,0x00000000f2b80000)
  to   space 18432K, 0% used [0x00000000f0780000,0x00000000f0780000,0x00000000f1980000)
 ParOldGen       total 143360K, used 64127K [0x00000000a0000000, 0x00000000a8c00000, 0x00000000e0000000)
  object space 143360K, 44% used [0x00000000a0000000,0x00000000a3e9ff68,0x00000000a8c00000)
 Metaspace       used 80100K, capacity 84618K, committed 84824K, reserved 1122304K
  class space    used 10430K, capacity 11288K, committed 11392K, reserved 1048576K
}
Event: 2532.284 GC heap before
{Heap before GC invocations=26 (full 3):
 PSYoungGen      total 288256K, used 276796K [0x00000000e0000000, 0x00000000f2b80000, 0x0000000100000000)
  eden space 269824K, 100% used [0x00000000e0000000,0x00000000f0780000,0x00000000f0780000)
  from space 18432K, 37% used [0x00000000f1980000,0x00000000f204f130,0x00000000f2b80000)
  to   space 18432K, 0% used [0x00000000f0780000,0x00000000f0780000,0x00000000f1980000)
 ParOldGen       total 143360K, used 64127K [0x00000000a0000000, 0x00000000a8c00000, 0x00000000e0000000)
  object space 143360K, 44% used [0x00000000a0000000,0x00000000a3e9ff68,0x00000000a8c00000)
 Metaspace       used 80853K, capacity 85630K, committed 85848K, reserved 1124352K
  class space    used 10476K, capacity 11368K, committed 11392K, reserved 1048576K
Event: 2532.300 GC heap after
Heap after GC invocations=26 (full 3):
 PSYoungGen      total 274944K, used 14782K [0x00000000e0000000, 0x00000000f2500000, 0x0000000100000000)
  eden space 260096K, 0% used [0x00000000e0000000,0x00000000e0000000,0x00000000efe00000)
  from space 14848K, 99% used [0x00000000f0780000,0x00000000f15efac0,0x00000000f1600000)
  to   space 15360K, 0% used [0x00000000f1600000,0x00000000f1600000,0x00000000f2500000)
 ParOldGen       total 143360K, used 64135K [0x00000000a0000000, 0x00000000a8c00000, 0x00000000e0000000)
  object space 143360K, 44% used [0x00000000a0000000,0x00000000a3ea1f68,0x00000000a8c00000)
 Metaspace       used 80853K, capacity 85630K, committed 85848K, reserved 1124352K
  class space    used 10476K, capacity 11368K, committed 11392K, reserved 1048576K
}

